2017-02-20 05:42:11,373 [Worker-2] INFO  c.g.t.t.d.PublishedGradleVersions - Gradle version information cache is out-of-date. Trying to update.
2017-02-20 05:42:11,572 [Worker-2] INFO  c.g.t.t.d.PublishedGradleVersions - Updating Gradle version information cache failed. Using outdated cache.
2017-02-20 05:44:03,680 [Worker-6] INFO  o.e.m.c.i.p.ProjectConfigurationManager - Collecting project info '/pom.xml' /Users/s2jha/Documents/workspaces/learn/kafkaws/sample/pom.xml
2017-02-20 05:44:04,088 [Worker-6] INFO  o.e.m.c.i.l.LifecycleMappingFactory - Using null lifecycle mapping for MavenProject: com.s2jha.kafka:sample:0.0.1-SNAPSHOT @ /Users/s2jha/Documents/workspaces/learn/kafkaws/sample/pom.xml.
2017-02-20 05:44:04,167 [Worker-6] INFO  o.e.m.c.i.p.ProjectConfigurationManager - Imported and configured 1 project(s) in 0 sec
2017-02-20 05:47:10,689 [Worker-5] INFO  o.e.m.c.i.l.LifecycleMappingFactory - Using null lifecycle mapping for MavenProject: com.s2jha.kafka:sample:0.0.1-SNAPSHOT @ /Users/s2jha/Documents/workspaces/learn/kafkaws/sample/pom.xml.
2017-02-20 05:47:52,519 [Worker-16] INFO  o.e.m.c.i.l.LifecycleMappingFactory - Using null lifecycle mapping for MavenProject: com.s2jha.kafka:sample:0.0.1-SNAPSHOT @ /Users/s2jha/Documents/workspaces/learn/kafkaws/sample/pom.xml.
2017-02-20 05:48:13,177 [Worker-8] INFO  o.e.m.c.i.l.LifecycleMappingFactory - Using null lifecycle mapping for MavenProject: com.s2jha.kafka:sample:0.0.1-SNAPSHOT @ /Users/s2jha/Documents/workspaces/learn/kafkaws/sample/pom.xml.
2017-02-20 05:50:40,408 [Worker-6] INFO  o.e.m.i.launch.MavenLaunchDelegate - /Users/s2jha/Documents/workspaces/learn/kafkaws/sample
2017-02-20 05:50:40,409 [Worker-6] INFO  o.e.m.i.launch.MavenLaunchDelegate -  mvn -B clean
2017-02-20 05:50:59,170 [main] INFO  o.e.m2e.actions.ExecutePomAction - Creating new launch configuration
2017-02-20 05:51:13,406 [main] INFO  o.e.m2e.actions.ExecutePomAction - Using existing launch configuration
2017-02-20 05:51:19,447 [main] INFO  o.e.m2e.actions.ExecutePomAction - Creating new launch configuration
2017-02-20 05:51:30,545 [Worker-17] INFO  o.e.m.i.launch.MavenLaunchDelegate - /Users/s2jha/Documents/workspaces/learn/kafkaws/sample
2017-02-20 05:51:30,545 [Worker-17] INFO  o.e.m.i.launch.MavenLaunchDelegate -  mvn -B install
2017-02-20 05:52:52,015 [Worker-17] INFO  o.e.m.i.launch.MavenLaunchDelegate - /Users/s2jha/Documents/workspaces/learn/kafkaws/sample
2017-02-20 05:52:52,015 [Worker-17] INFO  o.e.m.i.launch.MavenLaunchDelegate -  mvn -B install
2017-02-20 05:53:59,322 [Worker-9] INFO  o.e.m.i.launch.MavenLaunchDelegate - /Users/s2jha/Documents/workspaces/learn/kafkaws/sample
2017-02-20 05:53:59,322 [Worker-9] INFO  o.e.m.i.launch.MavenLaunchDelegate -  mvn -B install
2017-02-20 05:55:23,036 [main] INFO  o.e.m.c.i.l.LifecycleMappingFactory - Using null lifecycle mapping for MavenProject: com.s2jha.kafka:sample:0.0.1-SNAPSHOT @ /Users/s2jha/Documents/workspaces/learn/kafkaws/sample/pom.xml.
2017-02-20 05:57:10,378 [Worker-18] INFO  o.e.m.i.launch.MavenLaunchDelegate - /Users/s2jha/Documents/workspaces/learn/kafkaws/sample
2017-02-20 05:57:10,378 [Worker-18] INFO  o.e.m.i.launch.MavenLaunchDelegate -  mvn -B install
2017-02-20 05:57:48,837 [Worker-18] INFO  o.e.m.i.launch.MavenLaunchDelegate - /Users/s2jha/Documents/workspaces/learn/kafkaws/sample
2017-02-20 05:57:48,838 [Worker-18] INFO  o.e.m.i.launch.MavenLaunchDelegate -  mvn -B clean
2017-02-20 05:58:01,553 [Worker-18] INFO  o.e.m.i.launch.MavenLaunchDelegate - /Users/s2jha/Documents/workspaces/learn/kafkaws/sample
2017-02-20 05:58:01,553 [Worker-18] INFO  o.e.m.i.launch.MavenLaunchDelegate -  mvn -B install
2017-02-20 06:01:01,913 [Worker-20] INFO  o.e.m.c.i.e.AbstractTransferListenerAdapter - Downloading http://repo.wal-mart.com/content/groups/shared/org/apache/maven/plugins/maven-deploy-plugin/2.7/maven-deploy-plugin-2.7.jar
2017-02-20 06:01:01,968 [Worker-20] INFO  o.e.m.c.i.e.AbstractTransferListenerAdapter - Downloaded http://repo.wal-mart.com/content/groups/shared/org/apache/maven/plugins/maven-deploy-plugin/2.7/maven-deploy-plugin-2.7.jar
2017-02-20 06:01:02,038 [Worker-20] INFO  o.e.m.c.i.e.AbstractTransferListenerAdapter - Downloading http://repo.wal-mart.com/content/groups/shared/org/apache/maven/plugins/maven-site-plugin/3.3/maven-site-plugin-3.3.jar
2017-02-20 06:01:02,351 [Worker-20] INFO  o.e.m.c.i.e.AbstractTransferListenerAdapter - Downloaded http://repo.wal-mart.com/content/groups/shared/org/apache/maven/plugins/maven-site-plugin/3.3/maven-site-plugin-3.3.jar
2017-02-20 06:01:02,724 [Worker-20] INFO  o.e.m.c.i.l.LifecycleMappingFactory - Using org.eclipse.m2e.jdt.JarLifecycleMapping lifecycle mapping for MavenProject: com.s2jha.kafka:sample:0.0.1-SNAPSHOT @ /Users/s2jha/Documents/workspaces/learn/kafkaws/sample/pom.xml.
2017-02-20 06:01:02,825 [Worker-20] INFO  o.e.m.c.i.embedder.EclipseLogger - Using 'UTF-8' encoding to copy filtered resources.
2017-02-20 06:01:02,825 [Worker-20] INFO  o.e.m.c.i.embedder.EclipseLogger - skip non existing resourceDirectory /Users/s2jha/Documents/workspaces/learn/kafkaws/sample/src/main/resources
2017-02-20 06:01:02,827 [Worker-20] INFO  o.e.m.c.i.embedder.EclipseLogger - Using 'UTF-8' encoding to copy filtered resources.
2017-02-20 06:01:02,827 [Worker-20] INFO  o.e.m.c.i.embedder.EclipseLogger - skip non existing resourceDirectory /Users/s2jha/Documents/workspaces/learn/kafkaws/sample/src/test/resources
2017-02-20 06:01:13,850 [Worker-18] INFO  o.e.m.c.i.p.ProjectConfigurationManager - Update started
2017-02-20 06:01:14,172 [Worker-18] INFO  o.e.m.c.i.l.LifecycleMappingFactory - Using org.eclipse.m2e.jdt.JarLifecycleMapping lifecycle mapping for MavenProject: com.s2jha.kafka:sample:0.0.1-SNAPSHOT @ /Users/s2jha/Documents/workspaces/learn/kafkaws/sample/pom.xml.
2017-02-20 06:01:14,252 [Worker-18] INFO  o.e.m.j.i.AbstractJavaProjectConfigurator - Adding source folder /sample/src/main/java
2017-02-20 06:01:14,257 [Worker-18] INFO  o.e.m.j.i.AbstractJavaProjectConfigurator - Adding source folder /sample/src/test/java
2017-02-20 06:01:14,520 [Worker-18] INFO  o.e.m.c.i.p.ProjectConfigurationManager - Update completed: 0 sec
2017-02-20 06:01:14,880 [Worker-19] INFO  o.e.m.c.i.embedder.EclipseLogger - Using 'UTF-8' encoding to copy filtered resources.
2017-02-20 06:01:14,880 [Worker-19] INFO  o.e.m.c.i.embedder.EclipseLogger - skip non existing resourceDirectory /Users/s2jha/Documents/workspaces/learn/kafkaws/sample/src/main/resources
2017-02-20 06:01:14,882 [Worker-19] INFO  o.e.m.c.i.embedder.EclipseLogger - Using 'UTF-8' encoding to copy filtered resources.
2017-02-20 06:01:14,882 [Worker-19] INFO  o.e.m.c.i.embedder.EclipseLogger - skip non existing resourceDirectory /Users/s2jha/Documents/workspaces/learn/kafkaws/sample/src/test/resources
2017-02-20 06:01:30,528 [Worker-21] INFO  o.e.m.c.i.embedder.EclipseLogger - Using 'UTF-8' encoding to copy filtered resources.
2017-02-20 06:01:30,528 [Worker-21] INFO  o.e.m.c.i.embedder.EclipseLogger - skip non existing resourceDirectory /Users/s2jha/Documents/workspaces/learn/kafkaws/sample/src/main/resources
2017-02-20 06:01:30,529 [Worker-21] INFO  o.e.m.c.i.embedder.EclipseLogger - Using 'UTF-8' encoding to copy filtered resources.
2017-02-20 06:01:30,529 [Worker-21] INFO  o.e.m.c.i.embedder.EclipseLogger - skip non existing resourceDirectory /Users/s2jha/Documents/workspaces/learn/kafkaws/sample/src/test/resources
2017-02-20 06:01:31,566 [Worker-18] INFO  o.e.m.c.i.embedder.EclipseLogger - Using 'UTF-8' encoding to copy filtered resources.
2017-02-20 06:01:31,566 [Worker-18] INFO  o.e.m.c.i.embedder.EclipseLogger - skip non existing resourceDirectory /Users/s2jha/Documents/workspaces/learn/kafkaws/sample/src/main/resources
2017-02-20 06:01:31,567 [Worker-18] INFO  o.e.m.c.i.embedder.EclipseLogger - Using 'UTF-8' encoding to copy filtered resources.
2017-02-20 06:01:31,567 [Worker-18] INFO  o.e.m.c.i.embedder.EclipseLogger - skip non existing resourceDirectory /Users/s2jha/Documents/workspaces/learn/kafkaws/sample/src/test/resources
2017-02-20 06:03:48,923 [Worker-18] INFO  o.e.m.c.i.l.LifecycleMappingFactory - Using org.eclipse.m2e.jdt.JarLifecycleMapping lifecycle mapping for MavenProject: com.s2jha.kafka:sample:0.0.1-SNAPSHOT @ /Users/s2jha/Documents/workspaces/learn/kafkaws/sample/pom.xml.
2017-02-20 06:03:49,241 [Worker-18] INFO  o.e.m.c.i.e.AbstractTransferListenerAdapter - Downloaded http://repo.wal-mart.com/content/groups/shared/org,apache/kafka/kafka-clients/0.10.1.1/kafka-clients-0.10.1.1.pom
2017-02-20 06:03:57,590 [Worker-18] INFO  o.e.m.c.i.e.AbstractTransferListenerAdapter - Downloaded http://gec-maven-nexus.walmart.com/nexus/content/groups/public/org,apache/kafka/kafka-clients/0.10.1.1/kafka-clients-0.10.1.1.pom
2017-02-20 06:03:57,592 [Worker-18] WARN  o.e.m.c.i.embedder.EclipseLogger - The POM for org,apache.kafka:kafka-clients:jar:0.10.1.1 is missing, no dependency information available
2017-02-20 06:03:57,763 [Worker-18] INFO  o.e.m.c.i.e.AbstractTransferListenerAdapter - Downloaded http://repo.wal-mart.com/content/groups/shared/org,apache/kafka/kafka-clients/0.10.1.1/kafka-clients-0.10.1.1.jar
2017-02-20 06:04:05,782 [Worker-18] INFO  o.e.m.c.i.e.AbstractTransferListenerAdapter - Downloaded http://gec-maven-nexus.walmart.com/nexus/content/groups/public/org,apache/kafka/kafka-clients/0.10.1.1/kafka-clients-0.10.1.1.jar
2017-02-20 06:04:05,884 [Worker-18] INFO  o.e.m.c.i.embedder.EclipseLogger - Using 'UTF-8' encoding to copy filtered resources.
2017-02-20 06:04:05,884 [Worker-18] INFO  o.e.m.c.i.embedder.EclipseLogger - skip non existing resourceDirectory /Users/s2jha/Documents/workspaces/learn/kafkaws/sample/src/main/resources
2017-02-20 06:04:05,887 [Worker-18] INFO  o.e.m.c.i.embedder.EclipseLogger - Using 'UTF-8' encoding to copy filtered resources.
2017-02-20 06:04:05,887 [Worker-18] INFO  o.e.m.c.i.embedder.EclipseLogger - skip non existing resourceDirectory /Users/s2jha/Documents/workspaces/learn/kafkaws/sample/src/test/resources
2017-02-20 06:04:17,485 [main] INFO  o.e.m2e.actions.ExecutePomAction - Creating new launch configuration
2017-02-20 06:04:27,678 [Worker-21] INFO  o.e.m.i.launch.MavenLaunchDelegate - /Users/s2jha/Documents/workspaces/learn/kafkaws/sample
2017-02-20 06:04:27,678 [Worker-21] INFO  o.e.m.i.launch.MavenLaunchDelegate -  mvn -B clean
2017-02-20 06:05:40,178 [Worker-18] INFO  o.e.m.i.launch.MavenLaunchDelegate - /Users/s2jha/Documents/workspaces/learn/kafkaws/sample
2017-02-20 06:05:40,178 [Worker-18] INFO  o.e.m.i.launch.MavenLaunchDelegate -  mvn -B install
2017-02-20 06:05:58,849 [Worker-22] INFO  o.e.m.i.launch.MavenLaunchDelegate - /Users/s2jha/Documents/workspaces/learn/kafkaws/sample
2017-02-20 06:05:58,849 [Worker-22] INFO  o.e.m.i.launch.MavenLaunchDelegate -  mvn -B clean
2017-02-20 06:07:37,625 [Worker-25] INFO  o.e.m.c.i.l.LifecycleMappingFactory - Using org.eclipse.m2e.jdt.JarLifecycleMapping lifecycle mapping for MavenProject: com.s2jha.kafka:sample:0.0.1-SNAPSHOT @ /Users/s2jha/Documents/workspaces/learn/kafkaws/sample/pom.xml.
2017-02-20 06:07:38,606 [Worker-25] INFO  o.e.m.c.i.e.AbstractTransferListenerAdapter - Downloaded http://repo.wal-mart.com/content/groups/shared/org,apache/kafka/kafka-clients/0.10.0.1/kafka-clients-0.10.0.1.pom
2017-02-20 06:07:38,708 [Worker-24] INFO  o.e.m.c.i.e.AbstractTransferListenerAdapter - Downloaded http://repo.wal-mart.com/content/groups/shared/org,apache/kafka/kafka-clients/0.10.0.1/kafka-clients-0.10.0.1.pom
2017-02-20 06:07:45,850 [Worker-25] INFO  o.e.m.c.i.e.AbstractTransferListenerAdapter - Downloaded http://gec-maven-nexus.walmart.com/nexus/content/groups/public/org,apache/kafka/kafka-clients/0.10.0.1/kafka-clients-0.10.0.1.pom
2017-02-20 06:07:45,850 [Worker-24] INFO  o.e.m.c.i.e.AbstractTransferListenerAdapter - Downloaded http://gec-maven-nexus.walmart.com/nexus/content/groups/public/org,apache/kafka/kafka-clients/0.10.0.1/kafka-clients-0.10.0.1.pom
2017-02-20 06:07:45,851 [Worker-24] WARN  o.e.m.c.i.embedder.EclipseLogger - The POM for org,apache.kafka:kafka-clients:jar:0.10.0.1 is missing, no dependency information available
2017-02-20 06:07:45,857 [Worker-25] WARN  o.e.m.c.i.embedder.EclipseLogger - The POM for org,apache.kafka:kafka-clients:jar:0.10.0.1 is missing, no dependency information available
2017-02-20 06:07:46,050 [Worker-24] INFO  o.e.m.c.i.e.AbstractTransferListenerAdapter - Downloaded http://repo.wal-mart.com/content/groups/shared/org,apache/kafka/kafka-clients/0.10.0.1/kafka-clients-0.10.0.1.jar
2017-02-20 06:07:46,152 [Worker-25] INFO  o.e.m.c.i.e.AbstractTransferListenerAdapter - Downloaded http://repo.wal-mart.com/content/groups/shared/org,apache/kafka/kafka-clients/0.10.0.1/kafka-clients-0.10.0.1.jar
2017-02-20 06:07:52,301 [Worker-24] INFO  o.e.m.c.i.e.AbstractTransferListenerAdapter - Downloaded http://gec-maven-nexus.walmart.com/nexus/content/groups/public/org,apache/kafka/kafka-clients/0.10.0.1/kafka-clients-0.10.0.1.jar
2017-02-20 06:07:52,320 [Worker-25] INFO  o.e.m.c.i.e.AbstractTransferListenerAdapter - Downloaded http://gec-maven-nexus.walmart.com/nexus/content/groups/public/org,apache/kafka/kafka-clients/0.10.0.1/kafka-clients-0.10.0.1.jar
2017-02-20 06:07:52,421 [Worker-25] INFO  o.e.m.c.i.embedder.EclipseLogger - Using 'UTF-8' encoding to copy filtered resources.
2017-02-20 06:07:52,421 [Worker-25] INFO  o.e.m.c.i.embedder.EclipseLogger - skip non existing resourceDirectory /Users/s2jha/Documents/workspaces/learn/kafkaws/sample/src/main/resources
2017-02-20 06:07:52,423 [Worker-25] INFO  o.e.m.c.i.embedder.EclipseLogger - Using 'UTF-8' encoding to copy filtered resources.
2017-02-20 06:07:52,423 [Worker-25] INFO  o.e.m.c.i.embedder.EclipseLogger - skip non existing resourceDirectory /Users/s2jha/Documents/workspaces/learn/kafkaws/sample/src/test/resources
2017-02-20 06:08:01,652 [Worker-26] INFO  o.e.m.i.launch.MavenLaunchDelegate - /Users/s2jha/Documents/workspaces/learn/kafkaws/sample
2017-02-20 06:08:01,652 [Worker-26] INFO  o.e.m.i.launch.MavenLaunchDelegate -  mvn -B install
2017-02-20 06:08:26,319 [Worker-22] INFO  o.e.m.c.i.l.LifecycleMappingFactory - Using org.eclipse.m2e.jdt.JarLifecycleMapping lifecycle mapping for MavenProject: com.s2jha.kafka:sample:0.0.1-SNAPSHOT @ /Users/s2jha/Documents/workspaces/learn/kafkaws/sample/pom.xml.
2017-02-20 06:08:40,624 [Worker-25] INFO  o.e.m.c.i.l.LifecycleMappingFactory - Using org.eclipse.m2e.jdt.JarLifecycleMapping lifecycle mapping for MavenProject: com.s2jha.kafka:sample:0.0.1-SNAPSHOT @ /Users/s2jha/Documents/workspaces/learn/kafkaws/sample/pom.xml.
2017-02-20 06:09:03,973 [Worker-24] WARN  o.e.m.c.i.embedder.EclipseLogger - The POM for org,apache.kafka:kafka-clients:jar:0.10.0.1 is missing, no dependency information available
2017-02-20 06:09:04,331 [Worker-22] INFO  o.e.m.c.i.l.LifecycleMappingFactory - Using org.eclipse.m2e.jdt.JarLifecycleMapping lifecycle mapping for MavenProject: com.s2jha.kafka:sample:0.0.1-SNAPSHOT @ /Users/s2jha/Documents/workspaces/learn/kafkaws/sample/pom.xml.
2017-02-20 06:09:04,332 [Worker-22] WARN  o.e.m.c.i.embedder.EclipseLogger - The POM for org,apache.kafka:kafka-clients:jar:0.10.0.1 is missing, no dependency information available
2017-02-20 06:09:04,418 [Worker-22] INFO  o.e.m.c.i.embedder.EclipseLogger - Using 'UTF-8' encoding to copy filtered resources.
2017-02-20 06:09:04,418 [Worker-22] INFO  o.e.m.c.i.embedder.EclipseLogger - skip non existing resourceDirectory /Users/s2jha/Documents/workspaces/learn/kafkaws/sample/src/main/resources
2017-02-20 06:09:04,420 [Worker-22] INFO  o.e.m.c.i.embedder.EclipseLogger - Using 'UTF-8' encoding to copy filtered resources.
2017-02-20 06:09:04,420 [Worker-22] INFO  o.e.m.c.i.embedder.EclipseLogger - skip non existing resourceDirectory /Users/s2jha/Documents/workspaces/learn/kafkaws/sample/src/test/resources
2017-02-20 06:09:56,903 [Worker-22] INFO  o.e.m.c.i.l.LifecycleMappingFactory - Using org.eclipse.m2e.jdt.JarLifecycleMapping lifecycle mapping for MavenProject: com.s2jha.kafka:sample:0.0.1-SNAPSHOT @ /Users/s2jha/Documents/workspaces/learn/kafkaws/sample/pom.xml.
2017-02-20 06:09:56,964 [Worker-22] INFO  o.e.m.j.i.AbstractJavaProjectConfigurator - Adding source folder /sample/src/main/java
2017-02-20 06:09:56,964 [Worker-22] INFO  o.e.m.j.i.AbstractJavaProjectConfigurator - Adding resource folder /sample/src/main/resources
2017-02-20 06:09:56,964 [Worker-22] INFO  o.e.m.j.i.AbstractJavaProjectConfigurator - Adding source folder /sample/src/test/java
2017-02-20 06:09:56,965 [Worker-22] INFO  o.e.m.j.i.AbstractJavaProjectConfigurator - Adding resource folder /sample/src/test/resources
2017-02-20 06:09:57,131 [Worker-21] WARN  o.e.m.c.i.embedder.EclipseLogger - Using platform encoding (UTF-8 actually) to copy filtered resources, i.e. build is platform dependent!
2017-02-20 06:09:57,141 [Worker-21] INFO  o.e.m.c.i.embedder.EclipseLogger - Copying 0 resource
2017-02-20 06:09:57,143 [Worker-21] WARN  o.e.m.c.i.embedder.EclipseLogger - Using platform encoding (UTF-8 actually) to copy filtered resources, i.e. build is platform dependent!
2017-02-20 06:09:57,143 [Worker-21] INFO  o.e.m.c.i.embedder.EclipseLogger - Copying 0 resource
2017-02-20 06:11:01,313 [Worker-19] INFO  o.e.m.i.launch.MavenLaunchDelegate - /Users/s2jha/Documents/workspaces/learn/kafkaws/sample
2017-02-20 06:11:01,313 [Worker-19] INFO  o.e.m.i.launch.MavenLaunchDelegate -  mvn -B install
2017-02-20 06:11:03,552 [Worker-19] WARN  o.e.m.c.i.embedder.EclipseLogger - Using platform encoding (UTF-8 actually) to copy filtered resources, i.e. build is platform dependent!
2017-02-20 06:11:03,554 [Worker-19] INFO  o.e.m.c.i.embedder.EclipseLogger - Copying 0 resource
2017-02-20 06:11:03,555 [Worker-19] WARN  o.e.m.c.i.embedder.EclipseLogger - Using platform encoding (UTF-8 actually) to copy filtered resources, i.e. build is platform dependent!
2017-02-20 06:11:03,559 [Worker-19] INFO  o.e.m.c.i.embedder.EclipseLogger - Copying 0 resource
2017-02-20 06:11:41,863 [Worker-24] INFO  o.e.m.i.launch.MavenLaunchDelegate - /Users/s2jha/Documents/workspaces/learn/kafkaws/sample
2017-02-20 06:11:41,863 [Worker-24] INFO  o.e.m.i.launch.MavenLaunchDelegate -  mvn -B install
2017-02-20 06:11:43,928 [Worker-28] WARN  o.e.m.c.i.embedder.EclipseLogger - Using platform encoding (UTF-8 actually) to copy filtered resources, i.e. build is platform dependent!
2017-02-20 06:11:43,929 [Worker-28] INFO  o.e.m.c.i.embedder.EclipseLogger - Copying 0 resource
2017-02-20 06:11:43,930 [Worker-28] WARN  o.e.m.c.i.embedder.EclipseLogger - Using platform encoding (UTF-8 actually) to copy filtered resources, i.e. build is platform dependent!
2017-02-20 06:11:43,934 [Worker-28] INFO  o.e.m.c.i.embedder.EclipseLogger - Copying 0 resource
2017-02-20 06:13:56,098 [Worker-21] WARN  o.e.m.c.i.embedder.EclipseLogger - Using platform encoding (UTF-8 actually) to copy filtered resources, i.e. build is platform dependent!
2017-02-20 06:13:56,098 [Worker-21] INFO  o.e.m.c.i.embedder.EclipseLogger - Copying 0 resource
2017-02-20 06:13:56,099 [Worker-21] WARN  o.e.m.c.i.embedder.EclipseLogger - Using platform encoding (UTF-8 actually) to copy filtered resources, i.e. build is platform dependent!
2017-02-20 06:13:56,100 [Worker-21] INFO  o.e.m.c.i.embedder.EclipseLogger - Copying 0 resource
2017-02-20 06:14:13,353 [Worker-24] INFO  o.e.m.c.i.l.LifecycleMappingFactory - Using org.eclipse.m2e.jdt.JarLifecycleMapping lifecycle mapping for MavenProject: com.s2jha.kafka:sample:0.0.1-SNAPSHOT @ /Users/s2jha/Documents/workspaces/learn/kafkaws/sample/pom.xml.
2017-02-20 06:14:13,492 [Worker-24] INFO  o.e.m.c.i.e.AbstractTransferListenerAdapter - Downloading http://repo.wal-mart.com/content/groups/shared/org/apache/kafka/kafka-clients/0.10.1.1/kafka-clients-0.10.1.1.pom
2017-02-20 06:14:13,526 [Worker-24] INFO  o.e.m.c.i.e.AbstractTransferListenerAdapter - Downloaded http://repo.wal-mart.com/content/groups/shared/org/apache/kafka/kafka-clients/0.10.1.1/kafka-clients-0.10.1.1.pom
2017-02-20 06:14:13,642 [Worker-24] INFO  o.e.m.c.i.e.AbstractTransferListenerAdapter - Downloading http://repo.wal-mart.com/content/groups/shared/net/jpountz/lz4/lz4/1.3.0/lz4-1.3.0.pom
2017-02-20 06:14:13,685 [Worker-24] INFO  o.e.m.c.i.e.AbstractTransferListenerAdapter - Downloaded http://repo.wal-mart.com/content/groups/shared/net/jpountz/lz4/lz4/1.3.0/lz4-1.3.0.pom
2017-02-20 06:14:13,781 [Worker-24] INFO  o.e.m.c.i.e.AbstractTransferListenerAdapter - Downloading http://repo.wal-mart.com/content/groups/shared/org/xerial/snappy/snappy-java/1.1.2.6/snappy-java-1.1.2.6.pom
2017-02-20 06:14:13,815 [Worker-24] INFO  o.e.m.c.i.e.AbstractTransferListenerAdapter - Downloaded http://repo.wal-mart.com/content/groups/shared/org/xerial/snappy/snappy-java/1.1.2.6/snappy-java-1.1.2.6.pom
2017-02-20 06:14:13,851 [Worker-24] INFO  o.e.m.c.i.e.AbstractTransferListenerAdapter - Downloading http://repo.wal-mart.com/content/groups/shared/org/slf4j/slf4j-api/1.7.21/slf4j-api-1.7.21.pom
2017-02-20 06:14:13,880 [Worker-24] INFO  o.e.m.c.i.e.AbstractTransferListenerAdapter - Downloaded http://repo.wal-mart.com/content/groups/shared/org/slf4j/slf4j-api/1.7.21/slf4j-api-1.7.21.pom
2017-02-20 06:14:13,916 [Worker-24] INFO  o.e.m.c.i.e.AbstractTransferListenerAdapter - Downloading http://repo.wal-mart.com/content/groups/shared/org/slf4j/slf4j-parent/1.7.21/slf4j-parent-1.7.21.pom
2017-02-20 06:14:13,953 [Worker-24] INFO  o.e.m.c.i.e.AbstractTransferListenerAdapter - Downloaded http://repo.wal-mart.com/content/groups/shared/org/slf4j/slf4j-parent/1.7.21/slf4j-parent-1.7.21.pom
2017-02-20 06:14:14,018 [Worker-24] INFO  o.e.m.c.i.e.AbstractTransferListenerAdapter - Downloading http://repo.wal-mart.com/content/groups/shared/org/apache/kafka/kafka-clients/0.10.1.1/kafka-clients-0.10.1.1.jar
2017-02-20 06:14:17,066 [Worker-24] INFO  o.e.m.c.i.e.AbstractTransferListenerAdapter - Downloaded http://repo.wal-mart.com/content/groups/shared/org/apache/kafka/kafka-clients/0.10.1.1/kafka-clients-0.10.1.1.jar
2017-02-20 06:14:17,134 [Worker-24] INFO  o.e.m.c.i.e.AbstractTransferListenerAdapter - Downloading http://repo.wal-mart.com/content/groups/shared/net/jpountz/lz4/lz4/1.3.0/lz4-1.3.0.jar
2017-02-20 06:14:17,675 [Worker-24] INFO  o.e.m.c.i.e.AbstractTransferListenerAdapter - Downloaded http://repo.wal-mart.com/content/groups/shared/net/jpountz/lz4/lz4/1.3.0/lz4-1.3.0.jar
2017-02-20 06:14:17,757 [Worker-24] INFO  o.e.m.c.i.e.AbstractTransferListenerAdapter - Downloading http://repo.wal-mart.com/content/groups/shared/org/xerial/snappy/snappy-java/1.1.2.6/snappy-java-1.1.2.6.jar
2017-02-20 06:14:20,033 [Worker-24] INFO  o.e.m.c.i.e.AbstractTransferListenerAdapter - Downloaded http://repo.wal-mart.com/content/groups/shared/org/xerial/snappy/snappy-java/1.1.2.6/snappy-java-1.1.2.6.jar
2017-02-20 06:14:20,058 [Worker-24] INFO  o.e.m.c.i.e.AbstractTransferListenerAdapter - Downloading http://repo.wal-mart.com/content/groups/shared/org/slf4j/slf4j-api/1.7.21/slf4j-api-1.7.21.jar
2017-02-20 06:14:20,110 [Worker-24] INFO  o.e.m.c.i.e.AbstractTransferListenerAdapter - Downloaded http://repo.wal-mart.com/content/groups/shared/org/slf4j/slf4j-api/1.7.21/slf4j-api-1.7.21.jar
2017-02-20 06:14:20,240 [Worker-24] WARN  o.e.m.c.i.embedder.EclipseLogger - Using platform encoding (UTF-8 actually) to copy filtered resources, i.e. build is platform dependent!
2017-02-20 06:14:20,242 [Worker-24] INFO  o.e.m.c.i.embedder.EclipseLogger - Copying 0 resource
2017-02-20 06:14:20,243 [Worker-24] WARN  o.e.m.c.i.embedder.EclipseLogger - Using platform encoding (UTF-8 actually) to copy filtered resources, i.e. build is platform dependent!
2017-02-20 06:14:20,245 [Worker-24] INFO  o.e.m.c.i.embedder.EclipseLogger - Copying 0 resource
2017-02-20 06:14:20,419 [Worker-22] INFO  o.e.m.i.launch.MavenLaunchDelegate - /Users/s2jha/Documents/workspaces/learn/kafkaws/sample
2017-02-20 06:14:20,420 [Worker-22] INFO  o.e.m.i.launch.MavenLaunchDelegate -  mvn -B install
2017-02-20 06:14:23,024 [Worker-21] WARN  o.e.m.c.i.embedder.EclipseLogger - Using platform encoding (UTF-8 actually) to copy filtered resources, i.e. build is platform dependent!
2017-02-20 06:14:23,025 [Worker-21] INFO  o.e.m.c.i.embedder.EclipseLogger - Copying 0 resource
2017-02-20 06:14:23,025 [Worker-21] WARN  o.e.m.c.i.embedder.EclipseLogger - Using platform encoding (UTF-8 actually) to copy filtered resources, i.e. build is platform dependent!
2017-02-20 06:14:23,026 [Worker-21] INFO  o.e.m.c.i.embedder.EclipseLogger - Copying 0 resource
2017-02-20 06:15:27,625 [Worker-24] WARN  o.e.m.c.i.embedder.EclipseLogger - Using platform encoding (UTF-8 actually) to copy filtered resources, i.e. build is platform dependent!
2017-02-20 06:15:27,626 [Worker-24] INFO  o.e.m.c.i.embedder.EclipseLogger - Copying 0 resource
2017-02-20 06:15:27,626 [Worker-24] WARN  o.e.m.c.i.embedder.EclipseLogger - Using platform encoding (UTF-8 actually) to copy filtered resources, i.e. build is platform dependent!
2017-02-20 06:15:27,627 [Worker-24] INFO  o.e.m.c.i.embedder.EclipseLogger - Copying 0 resource
2017-02-20 06:15:28,957 [Worker-27] INFO  o.e.m.c.i.e.AbstractTransferListenerAdapter - Downloading http://repo.wal-mart.com/content/groups/shared/org/apache/kafka/kafka-clients/0.10.1.1/kafka-clients-0.10.1.1-sources.jar
2017-02-20 06:15:29,810 [Worker-27] INFO  o.e.m.c.i.e.AbstractTransferListenerAdapter - Downloaded http://repo.wal-mart.com/content/groups/shared/org/apache/kafka/kafka-clients/0.10.1.1/kafka-clients-0.10.1.1-sources.jar
2017-02-20 06:15:29,832 [Worker-27] INFO  o.e.m.j.internal.DownloadSourcesJob - Downloaded sources for org.apache.kafka:kafka-clients:0.10.1.1
2017-02-20 06:15:29,951 [Worker-19] WARN  o.e.m.c.i.embedder.EclipseLogger - Using platform encoding (UTF-8 actually) to copy filtered resources, i.e. build is platform dependent!
2017-02-20 06:15:29,952 [Worker-19] INFO  o.e.m.c.i.embedder.EclipseLogger - Copying 0 resource
2017-02-20 06:15:29,953 [Worker-19] WARN  o.e.m.c.i.embedder.EclipseLogger - Using platform encoding (UTF-8 actually) to copy filtered resources, i.e. build is platform dependent!
2017-02-20 06:15:29,953 [Worker-19] INFO  o.e.m.c.i.embedder.EclipseLogger - Copying 0 resource
2017-02-20 08:39:23,997 [Worker-46] WARN  o.e.m.c.i.embedder.EclipseLogger - Using platform encoding (UTF-8 actually) to copy filtered resources, i.e. build is platform dependent!
2017-02-20 08:39:24,000 [Worker-46] INFO  o.e.m.c.i.embedder.EclipseLogger - Copying 0 resource
2017-02-20 08:39:24,003 [Worker-46] WARN  o.e.m.c.i.embedder.EclipseLogger - Using platform encoding (UTF-8 actually) to copy filtered resources, i.e. build is platform dependent!
2017-02-20 08:39:24,004 [Worker-46] INFO  o.e.m.c.i.embedder.EclipseLogger - Copying 0 resource
2017-02-20 08:39:31,038 [Worker-51] WARN  o.e.m.c.i.embedder.EclipseLogger - Using platform encoding (UTF-8 actually) to copy filtered resources, i.e. build is platform dependent!
2017-02-20 08:39:31,038 [Worker-51] INFO  o.e.m.c.i.embedder.EclipseLogger - Copying 0 resource
2017-02-20 08:39:31,039 [Worker-51] WARN  o.e.m.c.i.embedder.EclipseLogger - Using platform encoding (UTF-8 actually) to copy filtered resources, i.e. build is platform dependent!
2017-02-20 08:39:31,040 [Worker-51] INFO  o.e.m.c.i.embedder.EclipseLogger - Copying 0 resource
2017-02-20 08:45:55,359 [Worker-55] WARN  o.e.m.c.i.embedder.EclipseLogger - Using platform encoding (UTF-8 actually) to copy filtered resources, i.e. build is platform dependent!
2017-02-20 08:45:55,360 [Worker-55] INFO  o.e.m.c.i.embedder.EclipseLogger - Copying 0 resource
2017-02-20 08:45:55,362 [Worker-55] WARN  o.e.m.c.i.embedder.EclipseLogger - Using platform encoding (UTF-8 actually) to copy filtered resources, i.e. build is platform dependent!
2017-02-20 08:45:55,362 [Worker-55] INFO  o.e.m.c.i.embedder.EclipseLogger - Copying 0 resource
2017-02-20 08:49:48,997 [Worker-58] WARN  o.e.m.c.i.embedder.EclipseLogger - Using platform encoding (UTF-8 actually) to copy filtered resources, i.e. build is platform dependent!
2017-02-20 08:49:48,998 [Worker-58] INFO  o.e.m.c.i.embedder.EclipseLogger - Copying 0 resource
2017-02-20 08:49:48,999 [Worker-58] WARN  o.e.m.c.i.embedder.EclipseLogger - Using platform encoding (UTF-8 actually) to copy filtered resources, i.e. build is platform dependent!
2017-02-20 08:49:48,999 [Worker-58] INFO  o.e.m.c.i.embedder.EclipseLogger - Copying 0 resource
2017-02-20 08:51:04,695 [Worker-59] WARN  o.e.m.c.i.embedder.EclipseLogger - Using platform encoding (UTF-8 actually) to copy filtered resources, i.e. build is platform dependent!
2017-02-20 08:51:04,695 [Worker-59] INFO  o.e.m.c.i.embedder.EclipseLogger - Copying 0 resource
2017-02-20 08:51:04,696 [Worker-59] WARN  o.e.m.c.i.embedder.EclipseLogger - Using platform encoding (UTF-8 actually) to copy filtered resources, i.e. build is platform dependent!
2017-02-20 08:51:04,697 [Worker-59] INFO  o.e.m.c.i.embedder.EclipseLogger - Copying 0 resource
2017-02-20 11:45:50,528 [Worker-73] WARN  o.e.m.c.i.embedder.EclipseLogger - Using platform encoding (UTF-8 actually) to copy filtered resources, i.e. build is platform dependent!
2017-02-20 11:45:50,529 [Worker-73] INFO  o.e.m.c.i.embedder.EclipseLogger - Copying 0 resource
2017-02-20 11:45:50,530 [Worker-73] WARN  o.e.m.c.i.embedder.EclipseLogger - Using platform encoding (UTF-8 actually) to copy filtered resources, i.e. build is platform dependent!
2017-02-20 11:45:50,531 [Worker-73] INFO  o.e.m.c.i.embedder.EclipseLogger - Copying 0 resource
2017-02-20 11:47:53,039 [Worker-80] WARN  o.e.m.c.i.embedder.EclipseLogger - Using platform encoding (UTF-8 actually) to copy filtered resources, i.e. build is platform dependent!
2017-02-20 11:47:53,040 [Worker-80] INFO  o.e.m.c.i.embedder.EclipseLogger - Copying 0 resource
2017-02-20 11:47:53,041 [Worker-80] WARN  o.e.m.c.i.embedder.EclipseLogger - Using platform encoding (UTF-8 actually) to copy filtered resources, i.e. build is platform dependent!
2017-02-20 11:47:53,041 [Worker-80] INFO  o.e.m.c.i.embedder.EclipseLogger - Copying 0 resource
2017-02-20 11:48:20,410 [Worker-75] WARN  o.e.m.c.i.embedder.EclipseLogger - Using platform encoding (UTF-8 actually) to copy filtered resources, i.e. build is platform dependent!
2017-02-20 11:48:20,411 [Worker-75] INFO  o.e.m.c.i.embedder.EclipseLogger - Copying 0 resource
2017-02-20 11:48:20,414 [Worker-75] WARN  o.e.m.c.i.embedder.EclipseLogger - Using platform encoding (UTF-8 actually) to copy filtered resources, i.e. build is platform dependent!
2017-02-20 11:48:20,414 [Worker-75] INFO  o.e.m.c.i.embedder.EclipseLogger - Copying 0 resource
2017-02-20 11:55:28,324 [Worker-75] WARN  o.e.m.c.i.embedder.EclipseLogger - Using platform encoding (UTF-8 actually) to copy filtered resources, i.e. build is platform dependent!
2017-02-20 11:55:28,325 [Worker-75] INFO  o.e.m.c.i.embedder.EclipseLogger - Copying 0 resource
2017-02-20 11:55:28,326 [Worker-75] WARN  o.e.m.c.i.embedder.EclipseLogger - Using platform encoding (UTF-8 actually) to copy filtered resources, i.e. build is platform dependent!
2017-02-20 11:55:28,326 [Worker-75] INFO  o.e.m.c.i.embedder.EclipseLogger - Copying 0 resource
2017-02-20 12:19:52,651 [Worker-96] WARN  o.e.m.c.i.embedder.EclipseLogger - Using platform encoding (UTF-8 actually) to copy filtered resources, i.e. build is platform dependent!
2017-02-20 12:19:52,652 [Worker-96] INFO  o.e.m.c.i.embedder.EclipseLogger - Copying 0 resource
2017-02-20 12:19:52,652 [Worker-96] WARN  o.e.m.c.i.embedder.EclipseLogger - Using platform encoding (UTF-8 actually) to copy filtered resources, i.e. build is platform dependent!
2017-02-20 12:19:52,653 [Worker-96] INFO  o.e.m.c.i.embedder.EclipseLogger - Copying 0 resource
2017-02-20 12:21:01,418 [Worker-96] WARN  o.e.m.c.i.embedder.EclipseLogger - Using platform encoding (UTF-8 actually) to copy filtered resources, i.e. build is platform dependent!
2017-02-20 12:21:01,418 [Worker-96] INFO  o.e.m.c.i.embedder.EclipseLogger - Copying 0 resource
2017-02-20 12:21:01,419 [Worker-96] WARN  o.e.m.c.i.embedder.EclipseLogger - Using platform encoding (UTF-8 actually) to copy filtered resources, i.e. build is platform dependent!
2017-02-20 12:21:01,420 [Worker-96] INFO  o.e.m.c.i.embedder.EclipseLogger - Copying 0 resource
2017-02-20 12:22:41,126 [Worker-92] WARN  o.e.m.c.i.embedder.EclipseLogger - Using platform encoding (UTF-8 actually) to copy filtered resources, i.e. build is platform dependent!
2017-02-20 12:22:41,127 [Worker-92] INFO  o.e.m.c.i.embedder.EclipseLogger - Copying 0 resource
2017-02-20 12:22:41,129 [Worker-92] WARN  o.e.m.c.i.embedder.EclipseLogger - Using platform encoding (UTF-8 actually) to copy filtered resources, i.e. build is platform dependent!
2017-02-20 12:22:41,129 [Worker-92] INFO  o.e.m.c.i.embedder.EclipseLogger - Copying 0 resource
2017-02-20 12:25:03,984 [Worker-97] WARN  o.e.m.c.i.embedder.EclipseLogger - Using platform encoding (UTF-8 actually) to copy filtered resources, i.e. build is platform dependent!
2017-02-20 12:25:03,985 [Worker-97] INFO  o.e.m.c.i.embedder.EclipseLogger - Copying 0 resource
2017-02-20 12:25:03,986 [Worker-97] WARN  o.e.m.c.i.embedder.EclipseLogger - Using platform encoding (UTF-8 actually) to copy filtered resources, i.e. build is platform dependent!
2017-02-20 12:25:03,987 [Worker-97] INFO  o.e.m.c.i.embedder.EclipseLogger - Copying 0 resource
2017-02-20 12:29:40,978 [Worker-97] INFO  o.e.m.c.i.l.LifecycleMappingFactory - Using org.eclipse.m2e.jdt.JarLifecycleMapping lifecycle mapping for MavenProject: com.s2jha.kafka:sample:0.0.1-SNAPSHOT @ /Users/s2jha/Documents/workspaces/learn/kafkaws/sample/pom.xml.
2017-02-20 12:29:41,125 [Worker-97] INFO  o.e.m.c.i.e.AbstractTransferListenerAdapter - Downloading http://repo.wal-mart.com/content/groups/shared/org/slf4j/slf4j-api/1.7.5/slf4j-api-1.7.5.pom
2017-02-20 12:29:41,156 [Worker-97] INFO  o.e.m.c.i.e.AbstractTransferListenerAdapter - Downloaded http://repo.wal-mart.com/content/groups/shared/org/slf4j/slf4j-api/1.7.5/slf4j-api-1.7.5.pom
2017-02-20 12:29:41,248 [Worker-97] INFO  o.e.m.c.i.e.AbstractTransferListenerAdapter - Downloading http://repo.wal-mart.com/content/groups/shared/org/slf4j/slf4j-parent/1.7.5/slf4j-parent-1.7.5.pom
2017-02-20 12:29:41,281 [Worker-97] INFO  o.e.m.c.i.e.AbstractTransferListenerAdapter - Downloaded http://repo.wal-mart.com/content/groups/shared/org/slf4j/slf4j-parent/1.7.5/slf4j-parent-1.7.5.pom
2017-02-20 12:29:41,359 [Worker-97] INFO  o.e.m.c.i.e.AbstractTransferListenerAdapter - Downloading http://repo.wal-mart.com/content/groups/shared/org/slf4j/slf4j-log4j12/1.7.5/slf4j-log4j12-1.7.5.pom
2017-02-20 12:29:41,387 [Worker-97] INFO  o.e.m.c.i.e.AbstractTransferListenerAdapter - Downloaded http://repo.wal-mart.com/content/groups/shared/org/slf4j/slf4j-log4j12/1.7.5/slf4j-log4j12-1.7.5.pom
2017-02-20 12:29:41,425 [Worker-97] INFO  o.e.m.c.i.e.AbstractTransferListenerAdapter - Downloading http://repo.wal-mart.com/content/groups/shared/log4j/log4j/1.2.17/log4j-1.2.17.pom
2017-02-20 12:29:42,827 [Worker-97] INFO  o.e.m.c.i.e.AbstractTransferListenerAdapter - Downloaded http://repo.wal-mart.com/content/groups/shared/log4j/log4j/1.2.17/log4j-1.2.17.pom
2017-02-20 12:29:42,955 [Worker-97] INFO  o.e.m.c.i.e.AbstractTransferListenerAdapter - Downloading http://repo.wal-mart.com/content/groups/shared/org/slf4j/slf4j-api/1.7.5/slf4j-api-1.7.5.jar
2017-02-20 12:29:42,985 [Worker-97] INFO  o.e.m.c.i.e.AbstractTransferListenerAdapter - Downloaded http://repo.wal-mart.com/content/groups/shared/org/slf4j/slf4j-api/1.7.5/slf4j-api-1.7.5.jar
2017-02-20 12:29:43,042 [Worker-97] INFO  o.e.m.c.i.e.AbstractTransferListenerAdapter - Downloading http://repo.wal-mart.com/content/groups/shared/org/slf4j/slf4j-log4j12/1.7.5/slf4j-log4j12-1.7.5.jar
2017-02-20 12:29:43,080 [Worker-97] INFO  o.e.m.c.i.e.AbstractTransferListenerAdapter - Downloaded http://repo.wal-mart.com/content/groups/shared/org/slf4j/slf4j-log4j12/1.7.5/slf4j-log4j12-1.7.5.jar
2017-02-20 12:29:43,112 [Worker-97] INFO  o.e.m.c.i.e.AbstractTransferListenerAdapter - Downloading http://repo.wal-mart.com/content/groups/shared/log4j/log4j/1.2.17/log4j-1.2.17.jar
2017-02-20 12:29:43,819 [Worker-97] INFO  o.e.m.c.i.e.AbstractTransferListenerAdapter - Downloaded http://repo.wal-mart.com/content/groups/shared/log4j/log4j/1.2.17/log4j-1.2.17.jar
2017-02-20 12:29:43,959 [Worker-97] WARN  o.e.m.c.i.embedder.EclipseLogger - Using platform encoding (UTF-8 actually) to copy filtered resources, i.e. build is platform dependent!
2017-02-20 12:29:43,961 [Worker-97] INFO  o.e.m.c.i.embedder.EclipseLogger - Copying 0 resource
2017-02-20 12:29:43,963 [Worker-97] WARN  o.e.m.c.i.embedder.EclipseLogger - Using platform encoding (UTF-8 actually) to copy filtered resources, i.e. build is platform dependent!
2017-02-20 12:29:43,963 [Worker-97] INFO  o.e.m.c.i.embedder.EclipseLogger - Copying 0 resource
2017-02-20 12:29:45,034 [Worker-99] WARN  o.e.m.c.i.embedder.EclipseLogger - Using platform encoding (UTF-8 actually) to copy filtered resources, i.e. build is platform dependent!
2017-02-20 12:29:45,035 [Worker-99] INFO  o.e.m.c.i.embedder.EclipseLogger - Copying 0 resource
2017-02-20 12:29:45,035 [Worker-99] WARN  o.e.m.c.i.embedder.EclipseLogger - Using platform encoding (UTF-8 actually) to copy filtered resources, i.e. build is platform dependent!
2017-02-20 12:29:45,036 [Worker-99] INFO  o.e.m.c.i.embedder.EclipseLogger - Copying 0 resource
2017-02-20 12:30:00,789 [Worker-97] INFO  o.e.m.i.launch.MavenLaunchDelegate - /Users/s2jha/Documents/workspaces/learn/kafkaws/sample
2017-02-20 12:30:00,790 [Worker-97] INFO  o.e.m.i.launch.MavenLaunchDelegate -  mvn -B install
2017-02-20 12:30:03,266 [Worker-96] WARN  o.e.m.c.i.embedder.EclipseLogger - Using platform encoding (UTF-8 actually) to copy filtered resources, i.e. build is platform dependent!
2017-02-20 12:30:03,267 [Worker-96] INFO  o.e.m.c.i.embedder.EclipseLogger - Copying 0 resource
2017-02-20 12:30:03,268 [Worker-96] WARN  o.e.m.c.i.embedder.EclipseLogger - Using platform encoding (UTF-8 actually) to copy filtered resources, i.e. build is platform dependent!
2017-02-20 12:30:03,272 [Worker-96] INFO  o.e.m.c.i.embedder.EclipseLogger - Copying 0 resource
2017-02-20 12:30:43,543 [Worker-99] WARN  o.e.m.c.i.embedder.EclipseLogger - Using platform encoding (UTF-8 actually) to copy filtered resources, i.e. build is platform dependent!
2017-02-20 12:30:43,544 [Worker-99] INFO  o.e.m.c.i.embedder.EclipseLogger - Copying 0 resource
2017-02-20 12:30:43,547 [Worker-99] WARN  o.e.m.c.i.embedder.EclipseLogger - Using platform encoding (UTF-8 actually) to copy filtered resources, i.e. build is platform dependent!
2017-02-20 12:30:43,548 [Worker-99] INFO  o.e.m.c.i.embedder.EclipseLogger - Copying 0 resource
2017-02-20 12:30:51,575 [Worker-97] INFO  o.e.m.i.launch.MavenLaunchDelegate - /Users/s2jha/Documents/workspaces/learn/kafkaws/sample
2017-02-20 12:30:51,575 [Worker-97] INFO  o.e.m.i.launch.MavenLaunchDelegate -  mvn -B install
2017-02-20 12:30:53,845 [Worker-90] WARN  o.e.m.c.i.embedder.EclipseLogger - Using platform encoding (UTF-8 actually) to copy filtered resources, i.e. build is platform dependent!
2017-02-20 12:30:53,846 [Worker-90] INFO  o.e.m.c.i.embedder.EclipseLogger - Copying 0 resource
2017-02-20 12:30:53,846 [Worker-90] WARN  o.e.m.c.i.embedder.EclipseLogger - Using platform encoding (UTF-8 actually) to copy filtered resources, i.e. build is platform dependent!
2017-02-20 12:30:53,851 [Worker-90] INFO  o.e.m.c.i.embedder.EclipseLogger - Copying 0 resource
2017-02-20 12:33:12,107 [Worker-100] WARN  o.e.m.c.i.embedder.EclipseLogger - Using platform encoding (UTF-8 actually) to copy filtered resources, i.e. build is platform dependent!
2017-02-20 12:33:12,109 [Worker-100] INFO  o.e.m.c.i.embedder.EclipseLogger - Copying 1 resource
2017-02-20 12:33:12,120 [Worker-100] WARN  o.e.m.c.i.embedder.EclipseLogger - Using platform encoding (UTF-8 actually) to copy filtered resources, i.e. build is platform dependent!
2017-02-20 12:33:12,122 [Worker-100] INFO  o.e.m.c.i.embedder.EclipseLogger - Copying 0 resource
2017-02-20 12:33:25,418 [Worker-96] INFO  o.e.m.i.launch.MavenLaunchDelegate - /Users/s2jha/Documents/workspaces/learn/kafkaws/sample
2017-02-20 12:33:25,419 [Worker-96] INFO  o.e.m.i.launch.MavenLaunchDelegate -  mvn -B install
2017-02-20 12:33:27,816 [Worker-96] WARN  o.e.m.c.i.embedder.EclipseLogger - Using platform encoding (UTF-8 actually) to copy filtered resources, i.e. build is platform dependent!
2017-02-20 12:33:27,817 [Worker-96] INFO  o.e.m.c.i.embedder.EclipseLogger - Copying 0 resource
2017-02-20 12:33:27,817 [Worker-96] WARN  o.e.m.c.i.embedder.EclipseLogger - Using platform encoding (UTF-8 actually) to copy filtered resources, i.e. build is platform dependent!
2017-02-20 12:33:27,822 [Worker-96] INFO  o.e.m.c.i.embedder.EclipseLogger - Copying 0 resource
2017-02-20 12:34:43,315 [Worker-97] WARN  o.e.m.c.i.embedder.EclipseLogger - Using platform encoding (UTF-8 actually) to copy filtered resources, i.e. build is platform dependent!
2017-02-20 12:34:43,317 [Worker-97] INFO  o.e.m.c.i.embedder.EclipseLogger - Copying 1 resource
2017-02-20 12:34:43,319 [Worker-97] WARN  o.e.m.c.i.embedder.EclipseLogger - Using platform encoding (UTF-8 actually) to copy filtered resources, i.e. build is platform dependent!
2017-02-20 12:34:43,319 [Worker-97] INFO  o.e.m.c.i.embedder.EclipseLogger - Copying 0 resource
2017-02-20 13:03:21,435 [Worker-106] WARN  o.e.m.c.i.embedder.EclipseLogger - Using platform encoding (UTF-8 actually) to copy filtered resources, i.e. build is platform dependent!
2017-02-20 13:03:21,436 [Worker-106] INFO  o.e.m.c.i.embedder.EclipseLogger - Copying 1 resource
2017-02-20 13:03:21,437 [Worker-106] WARN  o.e.m.c.i.embedder.EclipseLogger - Using platform encoding (UTF-8 actually) to copy filtered resources, i.e. build is platform dependent!
2017-02-20 13:03:21,438 [Worker-106] INFO  o.e.m.c.i.embedder.EclipseLogger - Copying 0 resource
2017-02-20 13:41:35,358 [Worker-110] WARN  o.e.m.c.i.embedder.EclipseLogger - Using platform encoding (UTF-8 actually) to copy filtered resources, i.e. build is platform dependent!
2017-02-20 13:41:35,359 [Worker-110] INFO  o.e.m.c.i.embedder.EclipseLogger - Copying 1 resource
2017-02-20 13:41:35,360 [Worker-110] WARN  o.e.m.c.i.embedder.EclipseLogger - Using platform encoding (UTF-8 actually) to copy filtered resources, i.e. build is platform dependent!
2017-02-20 13:41:35,361 [Worker-110] INFO  o.e.m.c.i.embedder.EclipseLogger - Copying 0 resource
2017-02-20 13:41:44,003 [Worker-112] WARN  o.e.m.c.i.embedder.EclipseLogger - Using platform encoding (UTF-8 actually) to copy filtered resources, i.e. build is platform dependent!
2017-02-20 13:41:44,004 [Worker-112] INFO  o.e.m.c.i.embedder.EclipseLogger - Copying 1 resource
2017-02-20 13:41:44,006 [Worker-112] WARN  o.e.m.c.i.embedder.EclipseLogger - Using platform encoding (UTF-8 actually) to copy filtered resources, i.e. build is platform dependent!
2017-02-20 13:41:44,006 [Worker-112] INFO  o.e.m.c.i.embedder.EclipseLogger - Copying 0 resource
2017-02-20 13:42:32,571 [Worker-112] WARN  o.e.m.c.i.embedder.EclipseLogger - Using platform encoding (UTF-8 actually) to copy filtered resources, i.e. build is platform dependent!
2017-02-20 13:42:32,572 [Worker-112] INFO  o.e.m.c.i.embedder.EclipseLogger - Copying 1 resource
2017-02-20 13:42:32,573 [Worker-112] WARN  o.e.m.c.i.embedder.EclipseLogger - Using platform encoding (UTF-8 actually) to copy filtered resources, i.e. build is platform dependent!
2017-02-20 13:42:32,574 [Worker-112] INFO  o.e.m.c.i.embedder.EclipseLogger - Copying 0 resource
2017-02-20 13:42:48,974 [Worker-110] WARN  o.e.m.c.i.embedder.EclipseLogger - Using platform encoding (UTF-8 actually) to copy filtered resources, i.e. build is platform dependent!
2017-02-20 13:42:48,975 [Worker-110] INFO  o.e.m.c.i.embedder.EclipseLogger - Copying 1 resource
2017-02-20 13:42:48,975 [Worker-110] WARN  o.e.m.c.i.embedder.EclipseLogger - Using platform encoding (UTF-8 actually) to copy filtered resources, i.e. build is platform dependent!
2017-02-20 13:42:48,977 [Worker-110] INFO  o.e.m.c.i.embedder.EclipseLogger - Copying 0 resource
2017-02-20 13:46:19,624 [Worker-113] WARN  o.e.m.c.i.embedder.EclipseLogger - Using platform encoding (UTF-8 actually) to copy filtered resources, i.e. build is platform dependent!
2017-02-20 13:46:19,625 [Worker-113] INFO  o.e.m.c.i.embedder.EclipseLogger - Copying 1 resource
2017-02-20 13:46:19,626 [Worker-113] WARN  o.e.m.c.i.embedder.EclipseLogger - Using platform encoding (UTF-8 actually) to copy filtered resources, i.e. build is platform dependent!
2017-02-20 13:46:19,627 [Worker-113] INFO  o.e.m.c.i.embedder.EclipseLogger - Copying 0 resource
2017-02-20 13:48:46,508 [Worker-112] WARN  o.e.m.c.i.embedder.EclipseLogger - Using platform encoding (UTF-8 actually) to copy filtered resources, i.e. build is platform dependent!
2017-02-20 13:48:46,508 [Worker-112] INFO  o.e.m.c.i.embedder.EclipseLogger - Copying 1 resource
2017-02-20 13:48:46,509 [Worker-112] WARN  o.e.m.c.i.embedder.EclipseLogger - Using platform encoding (UTF-8 actually) to copy filtered resources, i.e. build is platform dependent!
2017-02-20 13:48:46,511 [Worker-112] INFO  o.e.m.c.i.embedder.EclipseLogger - Copying 0 resource
2017-02-20 13:48:58,808 [Worker-119] WARN  o.e.m.c.i.embedder.EclipseLogger - Using platform encoding (UTF-8 actually) to copy filtered resources, i.e. build is platform dependent!
2017-02-20 13:48:58,808 [Worker-119] INFO  o.e.m.c.i.embedder.EclipseLogger - Copying 1 resource
2017-02-20 13:48:58,810 [Worker-119] WARN  o.e.m.c.i.embedder.EclipseLogger - Using platform encoding (UTF-8 actually) to copy filtered resources, i.e. build is platform dependent!
2017-02-20 13:48:58,810 [Worker-119] INFO  o.e.m.c.i.embedder.EclipseLogger - Copying 0 resource
2017-02-20 13:50:29,562 [Worker-118] WARN  o.e.m.c.i.embedder.EclipseLogger - Using platform encoding (UTF-8 actually) to copy filtered resources, i.e. build is platform dependent!
2017-02-20 13:50:29,562 [Worker-118] INFO  o.e.m.c.i.embedder.EclipseLogger - Copying 1 resource
2017-02-20 13:50:29,565 [Worker-118] WARN  o.e.m.c.i.embedder.EclipseLogger - Using platform encoding (UTF-8 actually) to copy filtered resources, i.e. build is platform dependent!
2017-02-20 13:50:29,566 [Worker-118] INFO  o.e.m.c.i.embedder.EclipseLogger - Copying 0 resource
2017-02-20 13:50:36,930 [Worker-113] WARN  o.e.m.c.i.embedder.EclipseLogger - Using platform encoding (UTF-8 actually) to copy filtered resources, i.e. build is platform dependent!
2017-02-20 13:50:36,930 [Worker-113] INFO  o.e.m.c.i.embedder.EclipseLogger - Copying 1 resource
2017-02-20 13:50:36,931 [Worker-113] WARN  o.e.m.c.i.embedder.EclipseLogger - Using platform encoding (UTF-8 actually) to copy filtered resources, i.e. build is platform dependent!
2017-02-20 13:50:36,933 [Worker-113] INFO  o.e.m.c.i.embedder.EclipseLogger - Copying 0 resource
2017-02-20 13:50:53,847 [Worker-120] WARN  o.e.m.c.i.embedder.EclipseLogger - Using platform encoding (UTF-8 actually) to copy filtered resources, i.e. build is platform dependent!
2017-02-20 13:50:53,848 [Worker-120] INFO  o.e.m.c.i.embedder.EclipseLogger - Copying 1 resource
2017-02-20 13:50:53,848 [Worker-120] WARN  o.e.m.c.i.embedder.EclipseLogger - Using platform encoding (UTF-8 actually) to copy filtered resources, i.e. build is platform dependent!
2017-02-20 13:50:53,850 [Worker-120] INFO  o.e.m.c.i.embedder.EclipseLogger - Copying 0 resource
2017-02-20 13:51:00,704 [Worker-119] WARN  o.e.m.c.i.embedder.EclipseLogger - Using platform encoding (UTF-8 actually) to copy filtered resources, i.e. build is platform dependent!
2017-02-20 13:51:00,705 [Worker-119] INFO  o.e.m.c.i.embedder.EclipseLogger - Copying 1 resource
2017-02-20 13:51:00,706 [Worker-119] WARN  o.e.m.c.i.embedder.EclipseLogger - Using platform encoding (UTF-8 actually) to copy filtered resources, i.e. build is platform dependent!
2017-02-20 13:51:00,706 [Worker-119] INFO  o.e.m.c.i.embedder.EclipseLogger - Copying 0 resource
2017-02-20 13:58:11,528 [Worker-123] WARN  o.e.m.c.i.embedder.EclipseLogger - Using platform encoding (UTF-8 actually) to copy filtered resources, i.e. build is platform dependent!
2017-02-20 13:58:11,529 [Worker-123] INFO  o.e.m.c.i.embedder.EclipseLogger - Copying 1 resource
2017-02-20 13:58:11,530 [Worker-123] WARN  o.e.m.c.i.embedder.EclipseLogger - Using platform encoding (UTF-8 actually) to copy filtered resources, i.e. build is platform dependent!
2017-02-20 13:58:11,531 [Worker-123] INFO  o.e.m.c.i.embedder.EclipseLogger - Copying 0 resource
2017-02-20 14:09:43,969 [Worker-127] WARN  o.e.m.c.i.embedder.EclipseLogger - Using platform encoding (UTF-8 actually) to copy filtered resources, i.e. build is platform dependent!
2017-02-20 14:09:43,970 [Worker-127] INFO  o.e.m.c.i.embedder.EclipseLogger - Copying 1 resource
2017-02-20 14:09:43,970 [Worker-127] WARN  o.e.m.c.i.embedder.EclipseLogger - Using platform encoding (UTF-8 actually) to copy filtered resources, i.e. build is platform dependent!
2017-02-20 14:09:43,971 [Worker-127] INFO  o.e.m.c.i.embedder.EclipseLogger - Copying 0 resource
2017-02-20 14:11:13,542 [Worker-127] WARN  o.e.m.c.i.embedder.EclipseLogger - Using platform encoding (UTF-8 actually) to copy filtered resources, i.e. build is platform dependent!
2017-02-20 14:11:13,543 [Worker-127] INFO  o.e.m.c.i.embedder.EclipseLogger - Copying 1 resource
2017-02-20 14:11:13,543 [Worker-127] WARN  o.e.m.c.i.embedder.EclipseLogger - Using platform encoding (UTF-8 actually) to copy filtered resources, i.e. build is platform dependent!
2017-02-20 14:11:13,545 [Worker-127] INFO  o.e.m.c.i.embedder.EclipseLogger - Copying 0 resource
2017-02-20 14:11:19,829 [Worker-113] WARN  o.e.m.c.i.embedder.EclipseLogger - Using platform encoding (UTF-8 actually) to copy filtered resources, i.e. build is platform dependent!
2017-02-20 14:11:19,829 [Worker-113] INFO  o.e.m.c.i.embedder.EclipseLogger - Copying 1 resource
2017-02-20 14:11:19,830 [Worker-113] WARN  o.e.m.c.i.embedder.EclipseLogger - Using platform encoding (UTF-8 actually) to copy filtered resources, i.e. build is platform dependent!
2017-02-20 14:11:19,830 [Worker-113] INFO  o.e.m.c.i.embedder.EclipseLogger - Copying 0 resource
2017-02-20 14:21:55,512 [Worker-124] WARN  o.e.m.c.i.embedder.EclipseLogger - Using platform encoding (UTF-8 actually) to copy filtered resources, i.e. build is platform dependent!
2017-02-20 14:21:55,513 [Worker-124] INFO  o.e.m.c.i.embedder.EclipseLogger - Copying 1 resource
2017-02-20 14:21:55,515 [Worker-124] WARN  o.e.m.c.i.embedder.EclipseLogger - Using platform encoding (UTF-8 actually) to copy filtered resources, i.e. build is platform dependent!
2017-02-20 14:21:55,515 [Worker-124] INFO  o.e.m.c.i.embedder.EclipseLogger - Copying 0 resource
2017-02-20 14:22:09,311 [Worker-126] WARN  o.e.m.c.i.embedder.EclipseLogger - Using platform encoding (UTF-8 actually) to copy filtered resources, i.e. build is platform dependent!
2017-02-20 14:22:09,312 [Worker-126] INFO  o.e.m.c.i.embedder.EclipseLogger - Copying 1 resource
2017-02-20 14:22:09,313 [Worker-126] WARN  o.e.m.c.i.embedder.EclipseLogger - Using platform encoding (UTF-8 actually) to copy filtered resources, i.e. build is platform dependent!
2017-02-20 14:22:09,314 [Worker-126] INFO  o.e.m.c.i.embedder.EclipseLogger - Copying 0 resource
2017-02-20 14:24:13,548 [Worker-129] WARN  o.e.m.c.i.embedder.EclipseLogger - Using platform encoding (UTF-8 actually) to copy filtered resources, i.e. build is platform dependent!
2017-02-20 14:24:13,549 [Worker-129] INFO  o.e.m.c.i.embedder.EclipseLogger - Copying 1 resource
2017-02-20 14:24:13,550 [Worker-129] WARN  o.e.m.c.i.embedder.EclipseLogger - Using platform encoding (UTF-8 actually) to copy filtered resources, i.e. build is platform dependent!
2017-02-20 14:24:13,550 [Worker-129] INFO  o.e.m.c.i.embedder.EclipseLogger - Copying 0 resource
2017-02-20 14:25:16,547 [Worker-126] WARN  o.e.m.c.i.embedder.EclipseLogger - Using platform encoding (UTF-8 actually) to copy filtered resources, i.e. build is platform dependent!
2017-02-20 14:25:16,548 [Worker-126] INFO  o.e.m.c.i.embedder.EclipseLogger - Copying 1 resource
2017-02-20 14:25:16,549 [Worker-126] WARN  o.e.m.c.i.embedder.EclipseLogger - Using platform encoding (UTF-8 actually) to copy filtered resources, i.e. build is platform dependent!
2017-02-20 14:25:16,550 [Worker-126] INFO  o.e.m.c.i.embedder.EclipseLogger - Copying 0 resource
2017-02-21 07:24:55,765 [Worker-190] WARN  o.e.m.c.i.embedder.EclipseLogger - Using platform encoding (UTF-8 actually) to copy filtered resources, i.e. build is platform dependent!
2017-02-21 07:24:55,768 [Worker-190] INFO  o.e.m.c.i.embedder.EclipseLogger - Copying 1 resource
2017-02-21 07:24:55,769 [Worker-190] WARN  o.e.m.c.i.embedder.EclipseLogger - Using platform encoding (UTF-8 actually) to copy filtered resources, i.e. build is platform dependent!
2017-02-21 07:24:55,770 [Worker-190] INFO  o.e.m.c.i.embedder.EclipseLogger - Copying 0 resource
2017-02-21 07:25:28,092 [Worker-190] WARN  o.e.m.c.i.embedder.EclipseLogger - Using platform encoding (UTF-8 actually) to copy filtered resources, i.e. build is platform dependent!
2017-02-21 07:25:28,093 [Worker-190] INFO  o.e.m.c.i.embedder.EclipseLogger - Copying 1 resource
2017-02-21 07:25:28,094 [Worker-190] WARN  o.e.m.c.i.embedder.EclipseLogger - Using platform encoding (UTF-8 actually) to copy filtered resources, i.e. build is platform dependent!
2017-02-21 07:25:28,094 [Worker-190] INFO  o.e.m.c.i.embedder.EclipseLogger - Copying 0 resource
2017-02-21 07:26:25,519 [Worker-184] WARN  o.e.m.c.i.embedder.EclipseLogger - Using platform encoding (UTF-8 actually) to copy filtered resources, i.e. build is platform dependent!
2017-02-21 07:26:25,520 [Worker-184] INFO  o.e.m.c.i.embedder.EclipseLogger - Copying 1 resource
2017-02-21 07:26:25,522 [Worker-184] WARN  o.e.m.c.i.embedder.EclipseLogger - Using platform encoding (UTF-8 actually) to copy filtered resources, i.e. build is platform dependent!
2017-02-21 07:26:25,522 [Worker-184] INFO  o.e.m.c.i.embedder.EclipseLogger - Copying 0 resource
